# JRE version: OpenJDK Runtime Environment GraalVM CE 22.3.0 (17.0.5+8) (build 17.0.5+8-jvmci-22.3-b08)
# Java VM: OpenJDK 64-Bit Server VM GraalVM CE 22.3.0 (17.0.5+8-jvmci-22.3-b08, mixed mode, sharing, tiered, jvmci, jvmci compiler, compressed oops, compressed class ptrs, parallel gc, linux-amd64)
GC Precious Log:
 CPUs: 4 total, 1 available
 Memory: 1024M
 Large Page Support: Disabled
 NUMA Support: Disabled
 Compressed Oops: Enabled (32-bit)
 Alignments: Space 512K, Generation 512K, Heap 2M
 Heap Min Capacity: 100M
 Heap Initial Capacity: 100M
 Heap Max Capacity: 512M
 Pre-touch: Disabled
 Parallel Workers: 1
Heap:
 PSYoungGen      total 81408K, used 55808K [0x00000000f5580000, 0x00000000fbf80000, 0x0000000100000000)
  eden space 55808K, 100% used [0x00000000f5580000,0x00000000f8c00000,0x00000000f8c00000)
  from space 25600K, 0% used [0x00000000f8c00000,0x00000000f8c00000,0x00000000fa500000)
  to   space 25088K, 0% used [0x00000000fa580000,0x00000000fa580000,0x00000000fbe00000)
 ParOldGen       total 349696K, used 349693K [0x00000000e0000000, 0x00000000f5580000, 0x00000000f5580000)
  object space 349696K, 99% used [0x00000000e0000000,0x00000000f557f790,0x00000000f5580000)
 Metaspace       used 58009K, committed 59008K, reserved 1105920K
  class space    used 5435K, committed 5888K, reserved 1048576K
GC Heap History (20 events):
Event: 2041.985 GC heap before
{Heap before GC invocations=1393 (full 1308):
 PSYoungGen      total 81408K, used 55808K [0x00000000f5580000, 0x00000000fbf80000, 0x0000000100000000)
  eden space 55808K, 100% used [0x00000000f5580000,0x00000000f8c00000,0x00000000f8c00000)
  from space 25600K, 0% used [0x00000000f8c00000,0x00000000f8c00000,0x00000000fa500000)
  to   space 25088K, 0% used [0x00000000fa580000,0x00000000fa580000,0x00000000fbe00000)
 ParOldGen       total 349696K, used 349687K [0x00000000e0000000, 0x00000000f5580000, 0x00000000f5580000)
  object space 349696K, 99% used [0x00000000e0000000,0x00000000f557dd28,0x00000000f5580000)
 Metaspace       used 58009K, committed 59008K, reserved 1105920K
  class space    used 5435K, committed 5888K, reserved 1048576K
}
Event: 2043.223 GC heap after
{Heap after GC invocations=1393 (full 1308):
 PSYoungGen      total 80896K, used 55807K [0x00000000f5580000, 0x00000000fbf80000, 0x0000000100000000)
  eden space 55808K, 99% used [0x00000000f5580000,0x00000000f8bfffe8,0x00000000f8c00000)
  from space 25088K, 0% used [0x00000000fa580000,0x00000000fa580000,0x00000000fbe00000)
  to   space 25600K, 0% used [0x00000000f8c00000,0x00000000f8c00000,0x00000000fa500000)
 ParOldGen       total 349696K, used 349687K [0x00000000e0000000, 0x00000000f5580000, 0x00000000f5580000)
  object space 349696K, 99% used [0x00000000e0000000,0x00000000f557dd28,0x00000000f5580000)
 Metaspace       used 58009K, committed 59008K, reserved 1105920K
  class space    used 5435K, committed 5888K, reserved 1048576K
}
Event: 2043.225 GC heap before
{Heap before GC invocations=1394 (full 1309):
 PSYoungGen      total 80896K, used 55808K [0x00000000f5580000, 0x00000000fbf80000, 0x0000000100000000)
  eden space 55808K, 100% used [0x00000000f5580000,0x00000000f8c00000,0x00000000f8c00000)
  from space 25088K, 0% used [0x00000000fa580000,0x00000000fa580000,0x00000000fbe00000)
  to   space 25600K, 0% used [0x00000000f8c00000,0x00000000f8c00000,0x00000000fa500000)
 ParOldGen       total 349696K, used 349687K [0x00000000e0000000, 0x00000000f5580000, 0x00000000f5580000)
  object space 349696K, 99% used [0x00000000e0000000,0x00000000f557dd28,0x00000000f5580000)
 Metaspace       used 58009K, committed 59008K, reserved 1105920K
  class space    used 5435K, committed 5888K, reserved 1048576K
}
Event: 2044.497 GC heap after
{Heap after GC invocations=1394 (full 1309):
 PSYoungGen      total 81408K, used 55808K [0x00000000f5580000, 0x00000000fbf80000, 0x0000000100000000)
  eden space 55808K, 100% used [0x00000000f5580000,0x00000000f8c00000,0x00000000f8c00000)
  from space 25600K, 0% used [0x00000000f8c00000,0x00000000f8c00000,0x00000000fa500000)
  to   space 25088K, 0% used [0x00000000fa580000,0x00000000fa580000,0x00000000fbe00000)
 ParOldGen       total 349696K, used 349687K [0x00000000e0000000, 0x00000000f5580000, 0x00000000f5580000)
  object space 349696K, 99% used [0x00000000e0000000,0x00000000f557dd28,0x00000000f5580000)
 Metaspace       used 58009K, committed 59008K, reserved 1105920K
  class space    used 5435K, committed 5888K, reserved 1048576K
}
Event: 2044.499 GC heap before
{Heap before GC invocations=1395 (full 1310):
 PSYoungGen      total 81408K, used 55808K [0x00000000f5580000, 0x00000000fbf80000, 0x0000000100000000)
  eden space 55808K, 100% used [0x00000000f5580000,0x00000000f8c00000,0x00000000f8c00000)
  from space 25600K, 0% used [0x00000000f8c00000,0x00000000f8c00000,0x00000000fa500000)
  to   space 25088K, 0% used [0x00000000fa580000,0x00000000fa580000,0x00000000fbe00000)
 ParOldGen       total 349696K, used 349689K [0x00000000e0000000, 0x00000000f5580000, 0x00000000f5580000)
  object space 349696K, 99% used [0x00000000e0000000,0x00000000f557e418,0x00000000f5580000)
 Metaspace       used 58009K, committed 59008K, reserved 1105920K
  class space    used 5435K, committed 5888K, reserved 1048576K
}
Event: 2045.991 GC heap after
{Heap after GC invocations=1395 (full 1310):
 PSYoungGen      total 80896K, used 55807K [0x00000000f5580000, 0x00000000fbf80000, 0x0000000100000000)
  eden space 55808K, 99% used [0x00000000f5580000,0x00000000f8bfff10,0x00000000f8c00000)
  from space 25088K, 0% used [0x00000000fa580000,0x00000000fa580000,0x00000000fbe00000)
  to   space 25600K, 0% used [0x00000000f8c00000,0x00000000f8c00000,0x00000000fa500000)
 ParOldGen       total 349696K, used 349689K [0x00000000e0000000, 0x00000000f5580000, 0x00000000f5580000)
  object space 349696K, 99% used [0x00000000e0000000,0x00000000f557e418,0x00000000f5580000)
 Metaspace       used 58009K, committed 59008K, reserved 1105920K
  class space    used 5435K, committed 5888K, reserved 1048576K
}
Event: 2045.992 GC heap before
{Heap before GC invocations=1396 (full 1311):
 PSYoungGen      total 80896K, used 55808K [0x00000000f5580000, 0x00000000fbf80000, 0x0000000100000000)
  eden space 55808K, 100% used [0x00000000f5580000,0x00000000f8c00000,0x00000000f8c00000)
  from space 25088K, 0% used [0x00000000fa580000,0x00000000fa580000,0x00000000fbe00000)
  to   space 25600K, 0% used [0x00000000f8c00000,0x00000000f8c00000,0x00000000fa500000)
 ParOldGen       total 349696K, used 349693K [0x00000000e0000000, 0x00000000f5580000, 0x00000000f5580000)
  object space 349696K, 99% used [0x00000000e0000000,0x00000000f557f430,0x00000000f5580000)
 Metaspace       used 58009K, committed 59008K, reserved 1105920K
  class space    used 5435K, committed 5888K, reserved 1048576K
}
Event: 2047.624 GC heap after
{Heap after GC invocations=1396 (full 1311):
 PSYoungGen      total 81408K, used 55806K [0x00000000f5580000, 0x00000000fbf80000, 0x0000000100000000)
  eden space 55808K, 99% used [0x00000000f5580000,0x00000000f8bffb08,0x00000000f8c00000)
  from space 25600K, 0% used [0x00000000f8c00000,0x00000000f8c00000,0x00000000fa500000)
  to   space 25088K, 0% used [0x00000000fa580000,0x00000000fa580000,0x00000000fbe00000)
 ParOldGen       total 349696K, used 349693K [0x00000000e0000000, 0x00000000f5580000, 0x00000000f5580000)
  object space 349696K, 99% used [0x00000000e0000000,0x00000000f557f430,0x00000000f5580000)
 Metaspace       used 58009K, committed 59008K, reserved 1105920K
  class space    used 5435K, committed 5888K, reserved 1048576K
}
Event: 2047.626 GC heap before
{Heap before GC invocations=1397 (full 1312):
 PSYoungGen      total 81408K, used 55807K [0x00000000f5580000, 0x00000000fbf80000, 0x0000000100000000)
  eden space 55808K, 99% used [0x00000000f5580000,0x00000000f8bffff0,0x00000000f8c00000)
  from space 25600K, 0% used [0x00000000f8c00000,0x00000000f8c00000,0x00000000fa500000)
  to   space 25088K, 0% used [0x00000000fa580000,0x00000000fa580000,0x00000000fbe00000)
 ParOldGen       total 349696K, used 349693K [0x00000000e0000000, 0x00000000f5580000, 0x00000000f5580000)
  object space 349696K, 99% used [0x00000000e0000000,0x00000000f557f430,0x00000000f5580000)
 Metaspace       used 58009K, committed 59008K, reserved 1105920K
  class space    used 5435K, committed 5888K, reserved 1048576K
}
Event: 2049.214 GC heap after
{Heap after GC invocations=1397 (full 1312):
 PSYoungGen      total 80896K, used 55807K [0x00000000f5580000, 0x00000000fbf80000, 0x0000000100000000)
  eden space 55808K, 99% used [0x00000000f5580000,0x00000000f8bffee0,0x00000000f8c00000)
  from space 25088K, 0% used [0x00000000fa580000,0x00000000fa580000,0x00000000fbe00000)
  to   space 25600K, 0% used [0x00000000f8c00000,0x00000000f8c00000,0x00000000fa500000)
 ParOldGen       total 349696K, used 349693K [0x00000000e0000000, 0x00000000f5580000, 0x00000000f5580000)
  object space 349696K, 99% used [0x00000000e0000000,0x00000000f557f430,0x00000000f5580000)
 Metaspace       used 58009K, committed 59008K, reserved 1105920K
  class space    used 5435K, committed 5888K, reserved 1048576K
}
Event: 2049.225 GC heap before
{Heap before GC invocations=1398 (full 1313):
 PSYoungGen      total 80896K, used 55808K [0x00000000f5580000, 0x00000000fbf80000, 0x0000000100000000)
  eden space 55808K, 100% used [0x00000000f5580000,0x00000000f8c00000,0x00000000f8c00000)
  from space 25088K, 0% used [0x00000000fa580000,0x00000000fa580000,0x00000000fbe00000)
  to   space 25600K, 0% used [0x00000000f8c00000,0x00000000f8c00000,0x00000000fa500000)
 ParOldGen       total 349696K, used 349693K [0x00000000e0000000, 0x00000000f5580000, 0x00000000f5580000)
  object space 349696K, 99% used [0x00000000e0000000,0x00000000f557f430,0x00000000f5580000)
 Metaspace       used 58009K, committed 59008K, reserved 1105920K
  class space    used 5435K, committed 5888K, reserved 1048576K
}
Event: 2051.447 GC heap after
{Heap after GC invocations=1398 (full 1313):
 PSYoungGen      total 81408K, used 55808K [0x00000000f5580000, 0x00000000fbf80000, 0x0000000100000000)
  eden space 55808K, 100% used [0x00000000f5580000,0x00000000f8c00000,0x00000000f8c00000)
  from space 25600K, 0% used [0x00000000f8c00000,0x00000000f8c00000,0x00000000fa500000)
  to   space 25088K, 0% used [0x00000000fa580000,0x00000000fa580000,0x00000000fbe00000)
 ParOldGen       total 349696K, used 349693K [0x00000000e0000000, 0x00000000f5580000, 0x00000000f5580000)
  object space 349696K, 99% used [0x00000000e0000000,0x00000000f557f430,0x00000000f5580000)
 Metaspace       used 58009K, committed 59008K, reserved 1105920K
  class space    used 5435K, committed 5888K, reserved 1048576K
}
Event: 2051.456 GC heap before
{Heap before GC invocations=1399 (full 1314):
 PSYoungGen      total 81408K, used 55808K [0x00000000f5580000, 0x00000000fbf80000, 0x0000000100000000)
  eden space 55808K, 100% used [0x00000000f5580000,0x00000000f8c00000,0x00000000f8c00000)
  from space 25600K, 0% used [0x00000000f8c00000,0x00000000f8c00000,0x00000000fa500000)
  to   space 25088K, 0% used [0x00000000fa580000,0x00000000fa580000,0x00000000fbe00000)
 ParOldGen       total 349696K, used 349694K [0x00000000e0000000, 0x00000000f5580000, 0x00000000f5580000)
  object space 349696K, 99% used [0x00000000e0000000,0x00000000f557f918,0x00000000f5580000)
 Metaspace       used 58009K, committed 59008K, reserved 1105920K
  class space    used 5435K, committed 5888K, reserved 1048576K
}
Event: 2052.990 GC heap after
{Heap after GC invocations=1399 (full 1314):
 PSYoungGen      total 80896K, used 55808K [0x00000000f5580000, 0x00000000fbf80000, 0x0000000100000000)
  eden space 55808K, 100% used [0x00000000f5580000,0x00000000f8c00000,0x00000000f8c00000)
  from space 25088K, 0% used [0x00000000fa580000,0x00000000fa580000,0x00000000fbe00000)
  to   space 25600K, 0% used [0x00000000f8c00000,0x00000000f8c00000,0x00000000fa500000)
 ParOldGen       total 349696K, used 349693K [0x00000000e0000000, 0x00000000f5580000, 0x00000000f5580000)
  object space 349696K, 99% used [0x00000000e0000000,0x00000000f557f778,0x00000000f5580000)
 Metaspace       used 58009K, committed 59008K, reserved 1105920K
  class space    used 5435K, committed 5888K, reserved 1048576K
}
Event: 2052.990 GC heap before
{Heap before GC invocations=1400 (full 1315):
 PSYoungGen      total 80896K, used 55808K [0x00000000f5580000, 0x00000000fbf80000, 0x0000000100000000)
  eden space 55808K, 100% used [0x00000000f5580000,0x00000000f8c00000,0x00000000f8c00000)
  from space 25088K, 0% used [0x00000000fa580000,0x00000000fa580000,0x00000000fbe00000)
  to   space 25600K, 0% used [0x00000000f8c00000,0x00000000f8c00000,0x00000000fa500000)
 ParOldGen       total 349696K, used 349693K [0x00000000e0000000, 0x00000000f5580000, 0x00000000f5580000)
  object space 349696K, 99% used [0x00000000e0000000,0x00000000f557f778,0x00000000f5580000)
 Metaspace       used 58009K, committed 59008K, reserved 1105920K
  class space    used 5435K, committed 5888K, reserved 1048576K
}
Event: 2054.796 GC heap after
{Heap after GC invocations=1400 (full 1315):
 PSYoungGen      total 81408K, used 55808K [0x00000000f5580000, 0x00000000fbf80000, 0x0000000100000000)
  eden space 55808K, 100% used [0x00000000f5580000,0x00000000f8c00000,0x00000000f8c00000)
  from space 25600K, 0% used [0x00000000f8c00000,0x00000000f8c00000,0x00000000fa500000)
  to   space 25088K, 0% used [0x00000000fa580000,0x00000000fa580000,0x00000000fbe00000)
 ParOldGen       total 349696K, used 349693K [0x00000000e0000000, 0x00000000f5580000, 0x00000000f5580000)
  object space 349696K, 99% used [0x00000000e0000000,0x00000000f557f778,0x00000000f5580000)
 Metaspace       used 58009K, committed 59008K, reserved 1105920K
  class space    used 5435K, committed 5888K, reserved 1048576K
}
Event: 2054.802 GC heap before
{Heap before GC invocations=1401 (full 1316):
 PSYoungGen      total 81408K, used 55808K [0x00000000f5580000, 0x00000000fbf80000, 0x0000000100000000)
  eden space 55808K, 100% used [0x00000000f5580000,0x00000000f8c00000,0x00000000f8c00000)
  from space 25600K, 0% used [0x00000000f8c00000,0x00000000f8c00000,0x00000000fa500000)
  to   space 25088K, 0% used [0x00000000fa580000,0x00000000fa580000,0x00000000fbe00000)
 ParOldGen       total 349696K, used 349693K [0x00000000e0000000, 0x00000000f5580000, 0x00000000f5580000)
  object space 349696K, 99% used [0x00000000e0000000,0x00000000f557f778,0x00000000f5580000)
 Metaspace       used 58009K, committed 59008K, reserved 1105920K
  class space    used 5435K, committed 5888K, reserved 1048576K
}
Event: 2056.823 GC heap after
{Heap after GC invocations=1401 (full 1316):
 PSYoungGen      total 80896K, used 55808K [0x00000000f5580000, 0x00000000fbf80000, 0x0000000100000000)
  eden space 55808K, 100% used [0x00000000f5580000,0x00000000f8c00000,0x00000000f8c00000)
  from space 25088K, 0% used [0x00000000fa580000,0x00000000fa580000,0x00000000fbe00000)
  to   space 25600K, 0% used [0x00000000f8c00000,0x00000000f8c00000,0x00000000fa500000)
 ParOldGen       total 349696K, used 349693K [0x00000000e0000000, 0x00000000f5580000, 0x00000000f5580000)
  object space 349696K, 99% used [0x00000000e0000000,0x00000000f557f778,0x00000000f5580000)
 Metaspace       used 58009K, committed 59008K, reserved 1105920K
  class space    used 5435K, committed 5888K, reserved 1048576K
}
Event: 2056.823 GC heap before
{Heap before GC invocations=1402 (full 1317):
 PSYoungGen      total 80896K, used 55808K [0x00000000f5580000, 0x00000000fbf80000, 0x0000000100000000)
  eden space 55808K, 100% used [0x00000000f5580000,0x00000000f8c00000,0x00000000f8c00000)
  from space 25088K, 0% used [0x00000000fa580000,0x00000000fa580000,0x00000000fbe00000)
  to   space 25600K, 0% used [0x00000000f8c00000,0x00000000f8c00000,0x00000000fa500000)
 ParOldGen       total 349696K, used 349693K [0x00000000e0000000, 0x00000000f5580000, 0x00000000f5580000)
  object space 349696K, 99% used [0x00000000e0000000,0x00000000f557f778,0x00000000f5580000)
 Metaspace       used 58009K, committed 59008K, reserved 1105920K
  class space    used 5435K, committed 5888K, reserved 1048576K
}
Event: 2058.245 GC heap after
{Heap after GC invocations=1402 (full 1317):
 PSYoungGen      total 81408K, used 55808K [0x00000000f5580000, 0x00000000fbf80000, 0x0000000100000000)
  eden space 55808K, 100% used [0x00000000f5580000,0x00000000f8c00000,0x00000000f8c00000)
  from space 25600K, 0% used [0x00000000f8c00000,0x00000000f8c00000,0x00000000fa500000)
  to   space 25088K, 0% used [0x00000000fa580000,0x00000000fa580000,0x00000000fbe00000)
 ParOldGen       total 349696K, used 349693K [0x00000000e0000000, 0x00000000f5580000, 0x00000000f5580000)
  object space 349696K, 99% used [0x00000000e0000000,0x00000000f557f778,0x00000000f5580000)
 Metaspace       used 58009K, committed 59008K, reserved 1105920K
  class space    used 5435K, committed 5888K, reserved 1048576K
}

