# JRE version: OpenJDK Runtime Environment GraalVM CE 22.3.0 (17.0.5+8) (build 17.0.5+8-jvmci-22.3-b08)
# Java VM: OpenJDK 64-Bit Server VM GraalVM CE 22.3.0 (17.0.5+8-jvmci-22.3-b08, mixed mode, sharing, tiered, jvmci, jvmci compiler, compressed oops, compressed class ptrs, parallel gc, linux-amd64)
GC Precious Log:
 CPUs: 8 total, 1 available
 Memory: 1024M
 Large Page Support: Disabled
 NUMA Support: Disabled
 Compressed Oops: Enabled (32-bit)
 Alignments: Space 512K, Generation 512K, Heap 2M
 Heap Min Capacity: 100M
 Heap Initial Capacity: 100M
 Heap Max Capacity: 512M
 Pre-touch: Disabled
 Parallel Workers: 1
Heap:
 PSYoungGen      total 65536K, used 38911K [0x00000000f5580000, 0x00000000fb180000, 0x0000000100000000)
  eden space 38912K, 99% used [0x00000000f5580000,0x00000000f7b7fff8,0x00000000f7b80000)
  from space 26624K, 0% used [0x00000000f7b80000,0x00000000f7b80000,0x00000000f9580000)
  to   space 24576K, 0% used [0x00000000f9680000,0x00000000f9680000,0x00000000fae80000)
 ParOldGen       total 349696K, used 349695K [0x00000000e0000000, 0x00000000f5580000, 0x00000000f5580000)
  object space 349696K, 99% used [0x00000000e0000000,0x00000000f557fff0,0x00000000f5580000)
 Metaspace       used 61997K, committed 63296K, reserved 1105920K
  class space    used 6006K, committed 6528K, reserved 1048576K
GC Heap History (20 events):
Event: 233.448 GC heap before
{Heap before GC invocations=186 (full 97):
 PSYoungGen      total 65536K, used 38911K [0x00000000f5580000, 0x00000000fb180000, 0x0000000100000000)
  eden space 38912K, 99% used [0x00000000f5580000,0x00000000f7b7fff0,0x00000000f7b80000)
  from space 26624K, 0% used [0x00000000f7b80000,0x00000000f7b80000,0x00000000f9580000)
  to   space 24576K, 0% used [0x00000000f9680000,0x00000000f9680000,0x00000000fae80000)
 ParOldGen       total 349696K, used 349695K [0x00000000e0000000, 0x00000000f5580000, 0x00000000f5580000)
  object space 349696K, 99% used [0x00000000e0000000,0x00000000f557fff0,0x00000000f5580000)
 Metaspace       used 61997K, committed 63296K, reserved 1105920K
  class space    used 6006K, committed 6528K, reserved 1048576K
}
Event: 235.005 GC heap after
{Heap after GC invocations=186 (full 97):
 PSYoungGen      total 63488K, used 38911K [0x00000000f5580000, 0x00000000fb180000, 0x0000000100000000)
  eden space 38912K, 99% used [0x00000000f5580000,0x00000000f7b7fe60,0x00000000f7b80000)
  from space 24576K, 0% used [0x00000000f9680000,0x00000000f9680000,0x00000000fae80000)
  to   space 26624K, 0% used [0x00000000f7b80000,0x00000000f7b80000,0x00000000f9580000)
 ParOldGen       total 349696K, used 349695K [0x00000000e0000000, 0x00000000f5580000, 0x00000000f5580000)
  object space 349696K, 99% used [0x00000000e0000000,0x00000000f557fff0,0x00000000f5580000)
 Metaspace       used 61997K, committed 63296K, reserved 1105920K
  class space    used 6006K, committed 6528K, reserved 1048576K
}
Event: 235.005 GC heap before
{Heap before GC invocations=187 (full 98):
 PSYoungGen      total 63488K, used 38911K [0x00000000f5580000, 0x00000000fb180000, 0x0000000100000000)
  eden space 38912K, 99% used [0x00000000f5580000,0x00000000f7b7fff8,0x00000000f7b80000)
  from space 24576K, 0% used [0x00000000f9680000,0x00000000f9680000,0x00000000fae80000)
  to   space 26624K, 0% used [0x00000000f7b80000,0x00000000f7b80000,0x00000000f9580000)
 ParOldGen       total 349696K, used 349695K [0x00000000e0000000, 0x00000000f5580000, 0x00000000f5580000)
  object space 349696K, 99% used [0x00000000e0000000,0x00000000f557fff0,0x00000000f5580000)
 Metaspace       used 61997K, committed 63296K, reserved 1105920K
  class space    used 6006K, committed 6528K, reserved 1048576K
}
Event: 236.504 GC heap after
{Heap after GC invocations=187 (full 98):
 PSYoungGen      total 65536K, used 38911K [0x00000000f5580000, 0x00000000fb180000, 0x0000000100000000)
  eden space 38912K, 99% used [0x00000000f5580000,0x00000000f7b7ffe0,0x00000000f7b80000)
  from space 26624K, 0% used [0x00000000f7b80000,0x00000000f7b80000,0x00000000f9580000)
  to   space 24576K, 0% used [0x00000000f9680000,0x00000000f9680000,0x00000000fae80000)
 ParOldGen       total 349696K, used 349695K [0x00000000e0000000, 0x00000000f5580000, 0x00000000f5580000)
  object space 349696K, 99% used [0x00000000e0000000,0x00000000f557fff0,0x00000000f5580000)
 Metaspace       used 61997K, committed 63296K, reserved 1105920K
  class space    used 6006K, committed 6528K, reserved 1048576K
}
Event: 236.504 GC heap before
{Heap before GC invocations=188 (full 99):
 PSYoungGen      total 65536K, used 38911K [0x00000000f5580000, 0x00000000fb180000, 0x0000000100000000)
  eden space 38912K, 99% used [0x00000000f5580000,0x00000000f7b7fff8,0x00000000f7b80000)
  from space 26624K, 0% used [0x00000000f7b80000,0x00000000f7b80000,0x00000000f9580000)
  to   space 24576K, 0% used [0x00000000f9680000,0x00000000f9680000,0x00000000fae80000)
 ParOldGen       total 349696K, used 349695K [0x00000000e0000000, 0x00000000f5580000, 0x00000000f5580000)
  object space 349696K, 99% used [0x00000000e0000000,0x00000000f557fff0,0x00000000f5580000)
 Metaspace       used 61997K, committed 63296K, reserved 1105920K
  class space    used 6006K, committed 6528K, reserved 1048576K
}
Event: 237.865 GC heap after
{Heap after GC invocations=188 (full 99):
 PSYoungGen      total 63488K, used 38911K [0x00000000f5580000, 0x00000000fb180000, 0x0000000100000000)
  eden space 38912K, 99% used [0x00000000f5580000,0x00000000f7b7fff8,0x00000000f7b80000)
  from space 24576K, 0% used [0x00000000f9680000,0x00000000f9680000,0x00000000fae80000)
  to   space 26624K, 0% used [0x00000000f7b80000,0x00000000f7b80000,0x00000000f9580000)
 ParOldGen       total 349696K, used 349695K [0x00000000e0000000, 0x00000000f5580000, 0x00000000f5580000)
  object space 349696K, 99% used [0x00000000e0000000,0x00000000f557fff0,0x00000000f5580000)
 Metaspace       used 61997K, committed 63296K, reserved 1105920K
  class space    used 6006K, committed 6528K, reserved 1048576K
}
Event: 237.866 GC heap before
{Heap before GC invocations=189 (full 100):
 PSYoungGen      total 63488K, used 38911K [0x00000000f5580000, 0x00000000fb180000, 0x0000000100000000)
  eden space 38912K, 99% used [0x00000000f5580000,0x00000000f7b7fff8,0x00000000f7b80000)
  from space 24576K, 0% used [0x00000000f9680000,0x00000000f9680000,0x00000000fae80000)
  to   space 26624K, 0% used [0x00000000f7b80000,0x00000000f7b80000,0x00000000f9580000)
 ParOldGen       total 349696K, used 349695K [0x00000000e0000000, 0x00000000f5580000, 0x00000000f5580000)
  object space 349696K, 99% used [0x00000000e0000000,0x00000000f557fff0,0x00000000f5580000)
 Metaspace       used 61997K, committed 63296K, reserved 1105920K
  class space    used 6006K, committed 6528K, reserved 1048576K
}
Event: 239.213 GC heap after
{Heap after GC invocations=189 (full 100):
 PSYoungGen      total 65536K, used 38911K [0x00000000f5580000, 0x00000000fb180000, 0x0000000100000000)
  eden space 38912K, 99% used [0x00000000f5580000,0x00000000f7b7fff8,0x00000000f7b80000)
  from space 26624K, 0% used [0x00000000f7b80000,0x00000000f7b80000,0x00000000f9580000)
  to   space 24576K, 0% used [0x00000000f9680000,0x00000000f9680000,0x00000000fae80000)
 ParOldGen       total 349696K, used 349695K [0x00000000e0000000, 0x00000000f5580000, 0x00000000f5580000)
  object space 349696K, 99% used [0x00000000e0000000,0x00000000f557fff0,0x00000000f5580000)
 Metaspace       used 61997K, committed 63296K, reserved 1105920K
  class space    used 6006K, committed 6528K, reserved 1048576K
}
Event: 239.214 GC heap before
{Heap before GC invocations=190 (full 101):
 PSYoungGen      total 65536K, used 38911K [0x00000000f5580000, 0x00000000fb180000, 0x0000000100000000)
  eden space 38912K, 99% used [0x00000000f5580000,0x00000000f7b7fff8,0x00000000f7b80000)
  from space 26624K, 0% used [0x00000000f7b80000,0x00000000f7b80000,0x00000000f9580000)
  to   space 24576K, 0% used [0x00000000f9680000,0x00000000f9680000,0x00000000fae80000)
 ParOldGen       total 349696K, used 349695K [0x00000000e0000000, 0x00000000f5580000, 0x00000000f5580000)
  object space 349696K, 99% used [0x00000000e0000000,0x00000000f557fff0,0x00000000f5580000)
 Metaspace       used 61997K, committed 63296K, reserved 1105920K
  class space    used 6006K, committed 6528K, reserved 1048576K
}
Event: 240.888 GC heap after
{Heap after GC invocations=190 (full 101):
 PSYoungGen      total 63488K, used 38911K [0x00000000f5580000, 0x00000000fb180000, 0x0000000100000000)
  eden space 38912K, 99% used [0x00000000f5580000,0x00000000f7b7fff8,0x00000000f7b80000)
  from space 24576K, 0% used [0x00000000f9680000,0x00000000f9680000,0x00000000fae80000)
  to   space 26624K, 0% used [0x00000000f7b80000,0x00000000f7b80000,0x00000000f9580000)
 ParOldGen       total 349696K, used 349695K [0x00000000e0000000, 0x00000000f5580000, 0x00000000f5580000)
  object space 349696K, 99% used [0x00000000e0000000,0x00000000f557fff0,0x00000000f5580000)
 Metaspace       used 61997K, committed 63296K, reserved 1105920K
  class space    used 6006K, committed 6528K, reserved 1048576K
}
Event: 240.888 GC heap before
{Heap before GC invocations=191 (full 102):
 PSYoungGen      total 63488K, used 38911K [0x00000000f5580000, 0x00000000fb180000, 0x0000000100000000)
  eden space 38912K, 99% used [0x00000000f5580000,0x00000000f7b7fff8,0x00000000f7b80000)
  from space 24576K, 0% used [0x00000000f9680000,0x00000000f9680000,0x00000000fae80000)
  to   space 26624K, 0% used [0x00000000f7b80000,0x00000000f7b80000,0x00000000f9580000)
 ParOldGen       total 349696K, used 349695K [0x00000000e0000000, 0x00000000f5580000, 0x00000000f5580000)
  object space 349696K, 99% used [0x00000000e0000000,0x00000000f557fff0,0x00000000f5580000)
 Metaspace       used 61997K, committed 63296K, reserved 1105920K
  class space    used 6006K, committed 6528K, reserved 1048576K
}
Event: 244.192 GC heap after
{Heap after GC invocations=191 (full 102):
 PSYoungGen      total 65536K, used 38911K [0x00000000f5580000, 0x00000000fb180000, 0x0000000100000000)
  eden space 38912K, 99% used [0x00000000f5580000,0x00000000f7b7fff8,0x00000000f7b80000)
  from space 26624K, 0% used [0x00000000f7b80000,0x00000000f7b80000,0x00000000f9580000)
  to   space 24576K, 0% used [0x00000000f9680000,0x00000000f9680000,0x00000000fae80000)
 ParOldGen       total 349696K, used 349695K [0x00000000e0000000, 0x00000000f5580000, 0x00000000f5580000)
  object space 349696K, 99% used [0x00000000e0000000,0x00000000f557fff0,0x00000000f5580000)
 Metaspace       used 61997K, committed 63296K, reserved 1105920K
  class space    used 6006K, committed 6528K, reserved 1048576K
}
Event: 244.194 GC heap before
{Heap before GC invocations=192 (full 103):
 PSYoungGen      total 65536K, used 38911K [0x00000000f5580000, 0x00000000fb180000, 0x0000000100000000)
  eden space 38912K, 99% used [0x00000000f5580000,0x00000000f7b7fff8,0x00000000f7b80000)
  from space 26624K, 0% used [0x00000000f7b80000,0x00000000f7b80000,0x00000000f9580000)
  to   space 24576K, 0% used [0x00000000f9680000,0x00000000f9680000,0x00000000fae80000)
 ParOldGen       total 349696K, used 349696K [0x00000000e0000000, 0x00000000f5580000, 0x00000000f5580000)
  object space 349696K, 100% used [0x00000000e0000000,0x00000000f5580000,0x00000000f5580000)
 Metaspace       used 61997K, committed 63296K, reserved 1105920K
  class space    used 6006K, committed 6528K, reserved 1048576K
}
Event: 247.595 GC heap after
{Heap after GC invocations=192 (full 103):
 PSYoungGen      total 63488K, used 38911K [0x00000000f5580000, 0x00000000fb180000, 0x0000000100000000)
  eden space 38912K, 99% used [0x00000000f5580000,0x00000000f7b7ffd8,0x00000000f7b80000)
  from space 24576K, 0% used [0x00000000f9680000,0x00000000f9680000,0x00000000fae80000)
  to   space 26624K, 0% used [0x00000000f7b80000,0x00000000f7b80000,0x00000000f9580000)
 ParOldGen       total 349696K, used 349695K [0x00000000e0000000, 0x00000000f5580000, 0x00000000f5580000)
  object space 349696K, 99% used [0x00000000e0000000,0x00000000f557fff0,0x00000000f5580000)
 Metaspace       used 61997K, committed 63296K, reserved 1105920K
  class space    used 6006K, committed 6528K, reserved 1048576K
}
Event: 247.602 GC heap before
{Heap before GC invocations=193 (full 104):
 PSYoungGen      total 63488K, used 38911K [0x00000000f5580000, 0x00000000fb180000, 0x0000000100000000)
  eden space 38912K, 99% used [0x00000000f5580000,0x00000000f7b7fff8,0x00000000f7b80000)
  from space 24576K, 0% used [0x00000000f9680000,0x00000000f9680000,0x00000000fae80000)
  to   space 26624K, 0% used [0x00000000f7b80000,0x00000000f7b80000,0x00000000f9580000)
 ParOldGen       total 349696K, used 349695K [0x00000000e0000000, 0x00000000f5580000, 0x00000000f5580000)
  object space 349696K, 99% used [0x00000000e0000000,0x00000000f557fff0,0x00000000f5580000)
 Metaspace       used 61997K, committed 63296K, reserved 1105920K
  class space    used 6006K, committed 6528K, reserved 1048576K
}
Event: 249.425 GC heap after
{Heap after GC invocations=193 (full 104):
 PSYoungGen      total 65536K, used 38911K [0x00000000f5580000, 0x00000000fb180000, 0x0000000100000000)
  eden space 38912K, 99% used [0x00000000f5580000,0x00000000f7b7ffd8,0x00000000f7b80000)
  from space 26624K, 0% used [0x00000000f7b80000,0x00000000f7b80000,0x00000000f9580000)
  to   space 24576K, 0% used [0x00000000f9680000,0x00000000f9680000,0x00000000fae80000)
 ParOldGen       total 349696K, used 349695K [0x00000000e0000000, 0x00000000f5580000, 0x00000000f5580000)
  object space 349696K, 99% used [0x00000000e0000000,0x00000000f557fff0,0x00000000f5580000)
 Metaspace       used 61997K, committed 63296K, reserved 1105920K
  class space    used 6006K, committed 6528K, reserved 1048576K
}
Event: 249.425 GC heap before
{Heap before GC invocations=194 (full 105):
 PSYoungGen      total 65536K, used 38911K [0x00000000f5580000, 0x00000000fb180000, 0x0000000100000000)
  eden space 38912K, 99% used [0x00000000f5580000,0x00000000f7b7fff8,0x00000000f7b80000)
  from space 26624K, 0% used [0x00000000f7b80000,0x00000000f7b80000,0x00000000f9580000)
  to   space 24576K, 0% used [0x00000000f9680000,0x00000000f9680000,0x00000000fae80000)
 ParOldGen       total 349696K, used 349695K [0x00000000e0000000, 0x00000000f5580000, 0x00000000f5580000)
  object space 349696K, 99% used [0x00000000e0000000,0x00000000f557fff0,0x00000000f5580000)
 Metaspace       used 61997K, committed 63296K, reserved 1105920K
  class space    used 6006K, committed 6528K, reserved 1048576K
}
Event: 250.627 GC heap after
{Heap after GC invocations=194 (full 105):
 PSYoungGen      total 63488K, used 38911K [0x00000000f5580000, 0x00000000fb180000, 0x0000000100000000)
  eden space 38912K, 99% used [0x00000000f5580000,0x00000000f7b7ffe8,0x00000000f7b80000)
  from space 24576K, 0% used [0x00000000f9680000,0x00000000f9680000,0x00000000fae80000)
  to   space 26624K, 0% used [0x00000000f7b80000,0x00000000f7b80000,0x00000000f9580000)
 ParOldGen       total 349696K, used 349695K [0x00000000e0000000, 0x00000000f5580000, 0x00000000f5580000)
  object space 349696K, 99% used [0x00000000e0000000,0x00000000f557fff0,0x00000000f5580000)
 Metaspace       used 61997K, committed 63296K, reserved 1105920K
  class space    used 6006K, committed 6528K, reserved 1048576K
}
Event: 250.627 GC heap before
{Heap before GC invocations=195 (full 106):
 PSYoungGen      total 63488K, used 38911K [0x00000000f5580000, 0x00000000fb180000, 0x0000000100000000)
  eden space 38912K, 99% used [0x00000000f5580000,0x00000000f7b7ffe8,0x00000000f7b80000)
  from space 24576K, 0% used [0x00000000f9680000,0x00000000f9680000,0x00000000fae80000)
  to   space 26624K, 0% used [0x00000000f7b80000,0x00000000f7b80000,0x00000000f9580000)
 ParOldGen       total 349696K, used 349695K [0x00000000e0000000, 0x00000000f5580000, 0x00000000f5580000)
  object space 349696K, 99% used [0x00000000e0000000,0x00000000f557fff0,0x00000000f5580000)
 Metaspace       used 61997K, committed 63296K, reserved 1105920K
  class space    used 6006K, committed 6528K, reserved 1048576K
}
Event: 251.908 GC heap after
{Heap after GC invocations=195 (full 106):
 PSYoungGen      total 65536K, used 38911K [0x00000000f5580000, 0x00000000fb180000, 0x0000000100000000)
  eden space 38912K, 99% used [0x00000000f5580000,0x00000000f7b7ffe8,0x00000000f7b80000)
  from space 26624K, 0% used [0x00000000f7b80000,0x00000000f7b80000,0x00000000f9580000)
  to   space 24576K, 0% used [0x00000000f9680000,0x00000000f9680000,0x00000000fae80000)
 ParOldGen       total 349696K, used 349695K [0x00000000e0000000, 0x00000000f5580000, 0x00000000f5580000)
  object space 349696K, 99% used [0x00000000e0000000,0x00000000f557fff0,0x00000000f5580000)
 Metaspace       used 61997K, committed 63296K, reserved 1105920K
  class space    used 6006K, committed 6528K, reserved 1048576K
}

