# JRE version: OpenJDK Runtime Environment GraalVM CE 22.3.0 (17.0.5+8) (build 17.0.5+8-jvmci-22.3-b08)
# Java VM: OpenJDK 64-Bit Server VM GraalVM CE 22.3.0 (17.0.5+8-jvmci-22.3-b08, mixed mode, sharing, tiered, jvmci, jvmci compiler, compressed oops, compressed class ptrs, parallel gc, linux-amd64)
GC Precious Log:
 CPUs: 4 total, 1 available
 Memory: 1024M
 Large Page Support: Disabled
 NUMA Support: Disabled
 Compressed Oops: Enabled (32-bit)
 Alignments: Space 512K, Generation 512K, Heap 2M
 Heap Min Capacity: 100M
 Heap Initial Capacity: 100M
 Heap Max Capacity: 512M
 Pre-touch: Disabled
 Parallel Workers: 1
Heap:
 PSYoungGen      total 17920K, used 13311K [0x00000000f5580000, 0x00000000f6d80000, 0x0000000100000000)
  eden space 13312K, 99% used [0x00000000f5580000,0x00000000f627ff98,0x00000000f6280000)
  from space 4608K, 0% used [0x00000000f6900000,0x00000000f6900000,0x00000000f6d80000)
  to   space 4608K, 0% used [0x00000000f6280000,0x00000000f6280000,0x00000000f6700000)
 ParOldGen       total 349696K, used 349695K [0x00000000e0000000, 0x00000000f5580000, 0x00000000f5580000)
  object space 349696K, 99% used [0x00000000e0000000,0x00000000f557ff60,0x00000000f5580000)
 Metaspace       used 55292K, committed 56320K, reserved 1105920K
  class space    used 5341K, committed 5760K, reserved 1048576K
GC Heap History (20 events):
Event: 783.299 GC heap before
{Heap before GC invocations=727 (full 601):
 PSYoungGen      total 17920K, used 13311K [0x00000000f5580000, 0x00000000f6d80000, 0x0000000100000000)
  eden space 13312K, 99% used [0x00000000f5580000,0x00000000f627fff8,0x00000000f6280000)
  from space 4608K, 0% used [0x00000000f6900000,0x00000000f6900000,0x00000000f6d80000)
  to   space 4608K, 0% used [0x00000000f6280000,0x00000000f6280000,0x00000000f6700000)
 ParOldGen       total 349696K, used 349695K [0x00000000e0000000, 0x00000000f5580000, 0x00000000f5580000)
  object space 349696K, 99% used [0x00000000e0000000,0x00000000f557fd80,0x00000000f5580000)
 Metaspace       used 55292K, committed 56320K, reserved 1105920K
  class space    used 5341K, committed 5760K, reserved 1048576K
}
Event: 784.649 GC heap after
{Heap after GC invocations=727 (full 601):
 PSYoungGen      total 17920K, used 13311K [0x00000000f5580000, 0x00000000f6d80000, 0x0000000100000000)
  eden space 13312K, 99% used [0x00000000f5580000,0x00000000f627ff70,0x00000000f6280000)
  from space 4608K, 0% used [0x00000000f6280000,0x00000000f6280000,0x00000000f6700000)
  to   space 4608K, 0% used [0x00000000f6900000,0x00000000f6900000,0x00000000f6d80000)
 ParOldGen       total 349696K, used 349695K [0x00000000e0000000, 0x00000000f5580000, 0x00000000f5580000)
  object space 349696K, 99% used [0x00000000e0000000,0x00000000f557fd80,0x00000000f5580000)
 Metaspace       used 55292K, committed 56320K, reserved 1105920K
  class space    used 5341K, committed 5760K, reserved 1048576K
}
Event: 784.649 GC heap before
{Heap before GC invocations=728 (full 602):
 PSYoungGen      total 17920K, used 13311K [0x00000000f5580000, 0x00000000f6d80000, 0x0000000100000000)
  eden space 13312K, 99% used [0x00000000f5580000,0x00000000f627fff8,0x00000000f6280000)
  from space 4608K, 0% used [0x00000000f6280000,0x00000000f6280000,0x00000000f6700000)
  to   space 4608K, 0% used [0x00000000f6900000,0x00000000f6900000,0x00000000f6d80000)
 ParOldGen       total 349696K, used 349695K [0x00000000e0000000, 0x00000000f5580000, 0x00000000f5580000)
  object space 349696K, 99% used [0x00000000e0000000,0x00000000f557fd80,0x00000000f5580000)
 Metaspace       used 55292K, committed 56320K, reserved 1105920K
  class space    used 5341K, committed 5760K, reserved 1048576K
}
Event: 786.185 GC heap after
{Heap after GC invocations=728 (full 602):
 PSYoungGen      total 17920K, used 13311K [0x00000000f5580000, 0x00000000f6d80000, 0x0000000100000000)
  eden space 13312K, 99% used [0x00000000f5580000,0x00000000f627ff78,0x00000000f6280000)
  from space 4608K, 0% used [0x00000000f6900000,0x00000000f6900000,0x00000000f6d80000)
  to   space 4608K, 0% used [0x00000000f6280000,0x00000000f6280000,0x00000000f6700000)
 ParOldGen       total 349696K, used 349695K [0x00000000e0000000, 0x00000000f5580000, 0x00000000f5580000)
  object space 349696K, 99% used [0x00000000e0000000,0x00000000f557fd80,0x00000000f5580000)
 Metaspace       used 55292K, committed 56320K, reserved 1105920K
  class space    used 5341K, committed 5760K, reserved 1048576K
}
Event: 786.187 GC heap before
{Heap before GC invocations=729 (full 603):
 PSYoungGen      total 17920K, used 13311K [0x00000000f5580000, 0x00000000f6d80000, 0x0000000100000000)
  eden space 13312K, 99% used [0x00000000f5580000,0x00000000f627fff8,0x00000000f6280000)
  from space 4608K, 0% used [0x00000000f6900000,0x00000000f6900000,0x00000000f6d80000)
  to   space 4608K, 0% used [0x00000000f6280000,0x00000000f6280000,0x00000000f6700000)
 ParOldGen       total 349696K, used 349695K [0x00000000e0000000, 0x00000000f5580000, 0x00000000f5580000)
  object space 349696K, 99% used [0x00000000e0000000,0x00000000f557fd80,0x00000000f5580000)
 Metaspace       used 55292K, committed 56320K, reserved 1105920K
  class space    used 5341K, committed 5760K, reserved 1048576K
}
Event: 789.641 GC heap after
{Heap after GC invocations=729 (full 603):
 PSYoungGen      total 17920K, used 13311K [0x00000000f5580000, 0x00000000f6d80000, 0x0000000100000000)
  eden space 13312K, 99% used [0x00000000f5580000,0x00000000f627fff8,0x00000000f6280000)
  from space 4608K, 0% used [0x00000000f6280000,0x00000000f6280000,0x00000000f6700000)
  to   space 4608K, 0% used [0x00000000f6900000,0x00000000f6900000,0x00000000f6d80000)
 ParOldGen       total 349696K, used 349695K [0x00000000e0000000, 0x00000000f5580000, 0x00000000f5580000)
  object space 349696K, 99% used [0x00000000e0000000,0x00000000f557fd80,0x00000000f5580000)
 Metaspace       used 55292K, committed 56320K, reserved 1105920K
  class space    used 5341K, committed 5760K, reserved 1048576K
}
Event: 789.684 GC heap before
{Heap before GC invocations=730 (full 604):
 PSYoungGen      total 17920K, used 13311K [0x00000000f5580000, 0x00000000f6d80000, 0x0000000100000000)
  eden space 13312K, 99% used [0x00000000f5580000,0x00000000f627fff8,0x00000000f6280000)
  from space 4608K, 0% used [0x00000000f6280000,0x00000000f6280000,0x00000000f6700000)
  to   space 4608K, 0% used [0x00000000f6900000,0x00000000f6900000,0x00000000f6d80000)
 ParOldGen       total 349696K, used 349695K [0x00000000e0000000, 0x00000000f5580000, 0x00000000f5580000)
  object space 349696K, 99% used [0x00000000e0000000,0x00000000f557ffe8,0x00000000f5580000)
 Metaspace       used 55292K, committed 56320K, reserved 1105920K
  class space    used 5341K, committed 5760K, reserved 1048576K
}
Event: 791.708 GC heap after
{Heap after GC invocations=730 (full 604):
 PSYoungGen      total 17920K, used 13311K [0x00000000f5580000, 0x00000000f6d80000, 0x0000000100000000)
  eden space 13312K, 99% used [0x00000000f5580000,0x00000000f627ff28,0x00000000f6280000)
  from space 4608K, 0% used [0x00000000f6900000,0x00000000f6900000,0x00000000f6d80000)
  to   space 4608K, 0% used [0x00000000f6280000,0x00000000f6280000,0x00000000f6700000)
 ParOldGen       total 349696K, used 349695K [0x00000000e0000000, 0x00000000f5580000, 0x00000000f5580000)
  object space 349696K, 99% used [0x00000000e0000000,0x00000000f557fd70,0x00000000f5580000)
 Metaspace       used 55292K, committed 56320K, reserved 1105920K
  class space    used 5341K, committed 5760K, reserved 1048576K
}
Event: 791.708 GC heap before
{Heap before GC invocations=731 (full 605):
 PSYoungGen      total 17920K, used 13311K [0x00000000f5580000, 0x00000000f6d80000, 0x0000000100000000)
  eden space 13312K, 99% used [0x00000000f5580000,0x00000000f627ffb8,0x00000000f6280000)
  from space 4608K, 0% used [0x00000000f6900000,0x00000000f6900000,0x00000000f6d80000)
  to   space 4608K, 0% used [0x00000000f6280000,0x00000000f6280000,0x00000000f6700000)
 ParOldGen       total 349696K, used 349695K [0x00000000e0000000, 0x00000000f5580000, 0x00000000f5580000)
  object space 349696K, 99% used [0x00000000e0000000,0x00000000f557fd70,0x00000000f5580000)
 Metaspace       used 55292K, committed 56320K, reserved 1105920K
  class space    used 5341K, committed 5760K, reserved 1048576K
}
Event: 793.539 GC heap after
{Heap after GC invocations=731 (full 605):
 PSYoungGen      total 17920K, used 13311K [0x00000000f5580000, 0x00000000f6d80000, 0x0000000100000000)
  eden space 13312K, 99% used [0x00000000f5580000,0x00000000f627ffb8,0x00000000f6280000)
  from space 4608K, 0% used [0x00000000f6280000,0x00000000f6280000,0x00000000f6700000)
  to   space 4608K, 0% used [0x00000000f6900000,0x00000000f6900000,0x00000000f6d80000)
 ParOldGen       total 349696K, used 349694K [0x00000000e0000000, 0x00000000f5580000, 0x00000000f5580000)
  object space 349696K, 99% used [0x00000000e0000000,0x00000000f557fbd0,0x00000000f5580000)
 Metaspace       used 55292K, committed 56320K, reserved 1105920K
  class space    used 5341K, committed 5760K, reserved 1048576K
}
Event: 793.543 GC heap before
{Heap before GC invocations=732 (full 606):
 PSYoungGen      total 17920K, used 13312K [0x00000000f5580000, 0x00000000f6d80000, 0x0000000100000000)
  eden space 13312K, 100% used [0x00000000f5580000,0x00000000f6280000,0x00000000f6280000)
  from space 4608K, 0% used [0x00000000f6280000,0x00000000f6280000,0x00000000f6700000)
  to   space 4608K, 0% used [0x00000000f6900000,0x00000000f6900000,0x00000000f6d80000)
 ParOldGen       total 349696K, used 349695K [0x00000000e0000000, 0x00000000f5580000, 0x00000000f5580000)
  object space 349696K, 99% used [0x00000000e0000000,0x00000000f557ffc8,0x00000000f5580000)
 Metaspace       used 55292K, committed 56320K, reserved 1105920K
  class space    used 5341K, committed 5760K, reserved 1048576K
}
Event: 794.761 GC heap after
{Heap after GC invocations=732 (full 606):
 PSYoungGen      total 17920K, used 13311K [0x00000000f5580000, 0x00000000f6d80000, 0x0000000100000000)
  eden space 13312K, 99% used [0x00000000f5580000,0x00000000f627fee8,0x00000000f6280000)
  from space 4608K, 0% used [0x00000000f6900000,0x00000000f6900000,0x00000000f6d80000)
  to   space 4608K, 0% used [0x00000000f6280000,0x00000000f6280000,0x00000000f6700000)
 ParOldGen       total 349696K, used 349694K [0x00000000e0000000, 0x00000000f5580000, 0x00000000f5580000)
  object space 349696K, 99% used [0x00000000e0000000,0x00000000f557fbd0,0x00000000f5580000)
 Metaspace       used 55292K, committed 56320K, reserved 1105920K
  class space    used 5341K, committed 5760K, reserved 1048576K
}
Event: 794.761 GC heap before
{Heap before GC invocations=733 (full 607):
 PSYoungGen      total 17920K, used 13311K [0x00000000f5580000, 0x00000000f6d80000, 0x0000000100000000)
  eden space 13312K, 99% used [0x00000000f5580000,0x00000000f627fee8,0x00000000f6280000)
  from space 4608K, 0% used [0x00000000f6900000,0x00000000f6900000,0x00000000f6d80000)
  to   space 4608K, 0% used [0x00000000f6280000,0x00000000f6280000,0x00000000f6700000)
 ParOldGen       total 349696K, used 349694K [0x00000000e0000000, 0x00000000f5580000, 0x00000000f5580000)
  object space 349696K, 99% used [0x00000000e0000000,0x00000000f557fbd0,0x00000000f5580000)
 Metaspace       used 55292K, committed 56320K, reserved 1105920K
  class space    used 5341K, committed 5760K, reserved 1048576K
}
Event: 795.830 GC heap after
{Heap after GC invocations=733 (full 607):
 PSYoungGen      total 17920K, used 13311K [0x00000000f5580000, 0x00000000f6d80000, 0x0000000100000000)
  eden space 13312K, 99% used [0x00000000f5580000,0x00000000f627fee8,0x00000000f6280000)
  from space 4608K, 0% used [0x00000000f6280000,0x00000000f6280000,0x00000000f6700000)
  to   space 4608K, 0% used [0x00000000f6900000,0x00000000f6900000,0x00000000f6d80000)
 ParOldGen       total 349696K, used 349694K [0x00000000e0000000, 0x00000000f5580000, 0x00000000f5580000)
  object space 349696K, 99% used [0x00000000e0000000,0x00000000f557fbd0,0x00000000f5580000)
 Metaspace       used 55292K, committed 56320K, reserved 1105920K
  class space    used 5341K, committed 5760K, reserved 1048576K
}
Event: 795.832 GC heap before
{Heap before GC invocations=734 (full 608):
 PSYoungGen      total 17920K, used 13311K [0x00000000f5580000, 0x00000000f6d80000, 0x0000000100000000)
  eden space 13312K, 99% used [0x00000000f5580000,0x00000000f627fff0,0x00000000f6280000)
  from space 4608K, 0% used [0x00000000f6280000,0x00000000f6280000,0x00000000f6700000)
  to   space 4608K, 0% used [0x00000000f6900000,0x00000000f6900000,0x00000000f6d80000)
 ParOldGen       total 349696K, used 349695K [0x00000000e0000000, 0x00000000f5580000, 0x00000000f5580000)
  object space 349696K, 99% used [0x00000000e0000000,0x00000000f557fd88,0x00000000f5580000)
 Metaspace       used 55292K, committed 56320K, reserved 1105920K
  class space    used 5341K, committed 5760K, reserved 1048576K
}
Event: 796.916 GC heap after
{Heap after GC invocations=734 (full 608):
 PSYoungGen      total 17920K, used 13311K [0x00000000f5580000, 0x00000000f6d80000, 0x0000000100000000)
  eden space 13312K, 99% used [0x00000000f5580000,0x00000000f627ffc0,0x00000000f6280000)
  from space 4608K, 0% used [0x00000000f6900000,0x00000000f6900000,0x00000000f6d80000)
  to   space 4608K, 0% used [0x00000000f6280000,0x00000000f6280000,0x00000000f6700000)
 ParOldGen       total 349696K, used 349693K [0x00000000e0000000, 0x00000000f5580000, 0x00000000f5580000)
  object space 349696K, 99% used [0x00000000e0000000,0x00000000f557f7e8,0x00000000f5580000)
 Metaspace       used 55292K, committed 56320K, reserved 1105920K
  class space    used 5341K, committed 5760K, reserved 1048576K
}
Event: 796.964 GC heap before
{Heap before GC invocations=735 (full 609):
 PSYoungGen      total 17920K, used 13311K [0x00000000f5580000, 0x00000000f6d80000, 0x0000000100000000)
  eden space 13312K, 99% used [0x00000000f5580000,0x00000000f627fff0,0x00000000f6280000)
  from space 4608K, 0% used [0x00000000f6900000,0x00000000f6900000,0x00000000f6d80000)
  to   space 4608K, 0% used [0x00000000f6280000,0x00000000f6280000,0x00000000f6700000)
 ParOldGen       total 349696K, used 349693K [0x00000000e0000000, 0x00000000f5580000, 0x00000000f5580000)
  object space 349696K, 99% used [0x00000000e0000000,0x00000000f557f7e8,0x00000000f5580000)
 Metaspace       used 55292K, committed 56320K, reserved 1105920K
  class space    used 5341K, committed 5760K, reserved 1048576K
}
Event: 798.084 GC heap after
{Heap after GC invocations=735 (full 609):
 PSYoungGen      total 17920K, used 13311K [0x00000000f5580000, 0x00000000f6d80000, 0x0000000100000000)
  eden space 13312K, 99% used [0x00000000f5580000,0x00000000f627fff0,0x00000000f6280000)
  from space 4608K, 0% used [0x00000000f6280000,0x00000000f6280000,0x00000000f6700000)
  to   space 4608K, 0% used [0x00000000f6900000,0x00000000f6900000,0x00000000f6d80000)
 ParOldGen       total 349696K, used 349693K [0x00000000e0000000, 0x00000000f5580000, 0x00000000f5580000)
  object space 349696K, 99% used [0x00000000e0000000,0x00000000f557f7e8,0x00000000f5580000)
 Metaspace       used 55292K, committed 56320K, reserved 1105920K
  class space    used 5341K, committed 5760K, reserved 1048576K
}
Event: 798.086 GC heap before
{Heap before GC invocations=736 (full 610):
 PSYoungGen      total 17920K, used 13311K [0x00000000f5580000, 0x00000000f6d80000, 0x0000000100000000)
  eden space 13312K, 99% used [0x00000000f5580000,0x00000000f627fff0,0x00000000f6280000)
  from space 4608K, 0% used [0x00000000f6280000,0x00000000f6280000,0x00000000f6700000)
  to   space 4608K, 0% used [0x00000000f6900000,0x00000000f6900000,0x00000000f6d80000)
 ParOldGen       total 349696K, used 349695K [0x00000000e0000000, 0x00000000f5580000, 0x00000000f5580000)
  object space 349696K, 99% used [0x00000000e0000000,0x00000000f557ff90,0x00000000f5580000)
 Metaspace       used 55292K, committed 56320K, reserved 1105920K
  class space    used 5341K, committed 5760K, reserved 1048576K
}
Event: 799.164 GC heap after
{Heap after GC invocations=736 (full 610):
 PSYoungGen      total 17920K, used 13311K [0x00000000f5580000, 0x00000000f6d80000, 0x0000000100000000)
  eden space 13312K, 99% used [0x00000000f5580000,0x00000000f627fe60,0x00000000f6280000)
  from space 4608K, 0% used [0x00000000f6900000,0x00000000f6900000,0x00000000f6d80000)
  to   space 4608K, 0% used [0x00000000f6280000,0x00000000f6280000,0x00000000f6700000)
 ParOldGen       total 349696K, used 349695K [0x00000000e0000000, 0x00000000f5580000, 0x00000000f5580000)
  object space 349696K, 99% used [0x00000000e0000000,0x00000000f557ff60,0x00000000f5580000)
 Metaspace       used 55292K, committed 56320K, reserved 1105920K
  class space    used 5341K, committed 5760K, reserved 1048576K
}

