# JRE version: OpenJDK Runtime Environment GraalVM CE 22.3.0 (17.0.5+8) (build 17.0.5+8-jvmci-22.3-b08)
# Java VM: OpenJDK 64-Bit Server VM GraalVM CE 22.3.0 (17.0.5+8-jvmci-22.3-b08, mixed mode, sharing, tiered, jvmci, jvmci compiler, compressed oops, compressed class ptrs, parallel gc, linux-amd64)
GC Precious Log:
 CPUs: 8 total, 1 available
 Memory: 1024M
 Large Page Support: Disabled
 NUMA Support: Disabled
 Compressed Oops: Enabled (32-bit)
 Alignments: Space 512K, Generation 512K, Heap 2M
 Heap Min Capacity: 100M
 Heap Initial Capacity: 100M
 Heap Max Capacity: 512M
 Pre-touch: Disabled
 Parallel Workers: 1
Heap:
 PSYoungGen      total 41984K, used 30720K [0x00000000f5580000, 0x00000000f8a80000, 0x0000000100000000)
  eden space 30720K, 100% used [0x00000000f5580000,0x00000000f7380000,0x00000000f7380000)
  from space 11264K, 0% used [0x00000000f7380000,0x00000000f7380000,0x00000000f7e80000)
  to   space 8704K, 0% used [0x00000000f8200000,0x00000000f8200000,0x00000000f8a80000)
 ParOldGen       total 349696K, used 349695K [0x00000000e0000000, 0x00000000f5580000, 0x00000000f5580000)
  object space 349696K, 99% used [0x00000000e0000000,0x00000000f557ffd0,0x00000000f5580000)
 Metaspace       used 63938K, committed 65024K, reserved 1114112K
  class space    used 6042K, committed 6528K, reserved 1048576K
GC Heap History (20 events):
Event: 569.336 GC heap before
{Heap before GC invocations=527 (full 361):
 PSYoungGen      total 41984K, used 30720K [0x00000000f5580000, 0x00000000f8a80000, 0x0000000100000000)
  eden space 30720K, 100% used [0x00000000f5580000,0x00000000f7380000,0x00000000f7380000)
  from space 11264K, 0% used [0x00000000f7380000,0x00000000f7380000,0x00000000f7e80000)
  to   space 8704K, 0% used [0x00000000f8200000,0x00000000f8200000,0x00000000f8a80000)
 ParOldGen       total 349696K, used 349694K [0x00000000e0000000, 0x00000000f5580000, 0x00000000f5580000)
  object space 349696K, 99% used [0x00000000e0000000,0x00000000f557fa10,0x00000000f5580000)
 Metaspace       used 63938K, committed 65024K, reserved 1114112K
  class space    used 6042K, committed 6528K, reserved 1048576K
}
Event: 570.797 GC heap after
{Heap after GC invocations=527 (full 361):
 PSYoungGen      total 39424K, used 30720K [0x00000000f5580000, 0x00000000f8a80000, 0x0000000100000000)
  eden space 30720K, 100% used [0x00000000f5580000,0x00000000f7380000,0x00000000f7380000)
  from space 8704K, 0% used [0x00000000f8200000,0x00000000f8200000,0x00000000f8a80000)
  to   space 11264K, 0% used [0x00000000f7380000,0x00000000f7380000,0x00000000f7e80000)
 ParOldGen       total 349696K, used 349692K [0x00000000e0000000, 0x00000000f5580000, 0x00000000f5580000)
  object space 349696K, 99% used [0x00000000e0000000,0x00000000f557f078,0x00000000f5580000)
 Metaspace       used 63938K, committed 65024K, reserved 1114112K
  class space    used 6042K, committed 6528K, reserved 1048576K
}
Event: 570.797 GC heap before
{Heap before GC invocations=528 (full 362):
 PSYoungGen      total 39424K, used 30720K [0x00000000f5580000, 0x00000000f8a80000, 0x0000000100000000)
  eden space 30720K, 100% used [0x00000000f5580000,0x00000000f7380000,0x00000000f7380000)
  from space 8704K, 0% used [0x00000000f8200000,0x00000000f8200000,0x00000000f8a80000)
  to   space 11264K, 0% used [0x00000000f7380000,0x00000000f7380000,0x00000000f7e80000)
 ParOldGen       total 349696K, used 349694K [0x00000000e0000000, 0x00000000f5580000, 0x00000000f5580000)
  object space 349696K, 99% used [0x00000000e0000000,0x00000000f557f858,0x00000000f5580000)
 Metaspace       used 63938K, committed 65024K, reserved 1114112K
  class space    used 6042K, committed 6528K, reserved 1048576K
}
Event: 572.201 GC heap after
{Heap after GC invocations=528 (full 362):
 PSYoungGen      total 41984K, used 30719K [0x00000000f5580000, 0x00000000f8a80000, 0x0000000100000000)
  eden space 30720K, 99% used [0x00000000f5580000,0x00000000f737ffe8,0x00000000f7380000)
  from space 11264K, 0% used [0x00000000f7380000,0x00000000f7380000,0x00000000f7e80000)
  to   space 8704K, 0% used [0x00000000f8200000,0x00000000f8200000,0x00000000f8a80000)
 ParOldGen       total 349696K, used 349693K [0x00000000e0000000, 0x00000000f5580000, 0x00000000f5580000)
  object space 349696K, 99% used [0x00000000e0000000,0x00000000f557f4f0,0x00000000f5580000)
 Metaspace       used 63938K, committed 65024K, reserved 1114112K
  class space    used 6042K, committed 6528K, reserved 1048576K
}
Event: 572.203 GC heap before
{Heap before GC invocations=529 (full 363):
 PSYoungGen      total 41984K, used 30720K [0x00000000f5580000, 0x00000000f8a80000, 0x0000000100000000)
  eden space 30720K, 100% used [0x00000000f5580000,0x00000000f7380000,0x00000000f7380000)
  from space 11264K, 0% used [0x00000000f7380000,0x00000000f7380000,0x00000000f7e80000)
  to   space 8704K, 0% used [0x00000000f8200000,0x00000000f8200000,0x00000000f8a80000)
 ParOldGen       total 349696K, used 349695K [0x00000000e0000000, 0x00000000f5580000, 0x00000000f5580000)
  object space 349696K, 99% used [0x00000000e0000000,0x00000000f557fe80,0x00000000f5580000)
 Metaspace       used 63938K, committed 65024K, reserved 1114112K
  class space    used 6042K, committed 6528K, reserved 1048576K
}
Event: 573.811 GC heap after
{Heap after GC invocations=529 (full 363):
 PSYoungGen      total 39424K, used 30719K [0x00000000f5580000, 0x00000000f8a80000, 0x0000000100000000)
  eden space 30720K, 99% used [0x00000000f5580000,0x00000000f737ffd0,0x00000000f7380000)
  from space 8704K, 0% used [0x00000000f8200000,0x00000000f8200000,0x00000000f8a80000)
  to   space 11264K, 0% used [0x00000000f7380000,0x00000000f7380000,0x00000000f7e80000)
 ParOldGen       total 349696K, used 349691K [0x00000000e0000000, 0x00000000f5580000, 0x00000000f5580000)
  object space 349696K, 99% used [0x00000000e0000000,0x00000000f557ede8,0x00000000f5580000)
 Metaspace       used 63938K, committed 65024K, reserved 1114112K
  class space    used 6042K, committed 6528K, reserved 1048576K
}
Event: 573.811 GC heap before
{Heap before GC invocations=530 (full 364):
 PSYoungGen      total 39424K, used 30719K [0x00000000f5580000, 0x00000000f8a80000, 0x0000000100000000)
  eden space 30720K, 99% used [0x00000000f5580000,0x00000000f737fff0,0x00000000f7380000)
  from space 8704K, 0% used [0x00000000f8200000,0x00000000f8200000,0x00000000f8a80000)
  to   space 11264K, 0% used [0x00000000f7380000,0x00000000f7380000,0x00000000f7e80000)
 ParOldGen       total 349696K, used 349691K [0x00000000e0000000, 0x00000000f5580000, 0x00000000f5580000)
  object space 349696K, 99% used [0x00000000e0000000,0x00000000f557ede8,0x00000000f5580000)
 Metaspace       used 63938K, committed 65024K, reserved 1114112K
  class space    used 6042K, committed 6528K, reserved 1048576K
}
Event: 575.208 GC heap after
{Heap after GC invocations=530 (full 364):
 PSYoungGen      total 41984K, used 30719K [0x00000000f5580000, 0x00000000f8a80000, 0x0000000100000000)
  eden space 30720K, 99% used [0x00000000f5580000,0x00000000f737fff0,0x00000000f7380000)
  from space 11264K, 0% used [0x00000000f7380000,0x00000000f7380000,0x00000000f7e80000)
  to   space 8704K, 0% used [0x00000000f8200000,0x00000000f8200000,0x00000000f8a80000)
 ParOldGen       total 349696K, used 349691K [0x00000000e0000000, 0x00000000f5580000, 0x00000000f5580000)
  object space 349696K, 99% used [0x00000000e0000000,0x00000000f557ede8,0x00000000f5580000)
 Metaspace       used 63938K, committed 65024K, reserved 1114112K
  class space    used 6042K, committed 6528K, reserved 1048576K
}
Event: 575.208 GC heap before
{Heap before GC invocations=531 (full 365):
 PSYoungGen      total 41984K, used 30720K [0x00000000f5580000, 0x00000000f8a80000, 0x0000000100000000)
  eden space 30720K, 100% used [0x00000000f5580000,0x00000000f7380000,0x00000000f7380000)
  from space 11264K, 0% used [0x00000000f7380000,0x00000000f7380000,0x00000000f7e80000)
  to   space 8704K, 0% used [0x00000000f8200000,0x00000000f8200000,0x00000000f8a80000)
 ParOldGen       total 349696K, used 349693K [0x00000000e0000000, 0x00000000f5580000, 0x00000000f5580000)
  object space 349696K, 99% used [0x00000000e0000000,0x00000000f557f498,0x00000000f5580000)
 Metaspace       used 63938K, committed 65024K, reserved 1114112K
  class space    used 6042K, committed 6528K, reserved 1048576K
}
Event: 576.509 GC heap after
{Heap after GC invocations=531 (full 365):
 PSYoungGen      total 39424K, used 30719K [0x00000000f5580000, 0x00000000f8a80000, 0x0000000100000000)
  eden space 30720K, 99% used [0x00000000f5580000,0x00000000f737ffd8,0x00000000f7380000)
  from space 8704K, 0% used [0x00000000f8200000,0x00000000f8200000,0x00000000f8a80000)
  to   space 11264K, 0% used [0x00000000f7380000,0x00000000f7380000,0x00000000f7e80000)
 ParOldGen       total 349696K, used 349692K [0x00000000e0000000, 0x00000000f5580000, 0x00000000f5580000)
  object space 349696K, 99% used [0x00000000e0000000,0x00000000f557f268,0x00000000f5580000)
 Metaspace       used 63938K, committed 65024K, reserved 1114112K
  class space    used 6042K, committed 6528K, reserved 1048576K
}
Event: 576.510 GC heap before
{Heap before GC invocations=532 (full 366):
 PSYoungGen      total 39424K, used 30719K [0x00000000f5580000, 0x00000000f8a80000, 0x0000000100000000)
  eden space 30720K, 99% used [0x00000000f5580000,0x00000000f737fff0,0x00000000f7380000)
  from space 8704K, 0% used [0x00000000f8200000,0x00000000f8200000,0x00000000f8a80000)
  to   space 11264K, 0% used [0x00000000f7380000,0x00000000f7380000,0x00000000f7e80000)
 ParOldGen       total 349696K, used 349692K [0x00000000e0000000, 0x00000000f5580000, 0x00000000f5580000)
  object space 349696K, 99% used [0x00000000e0000000,0x00000000f557f268,0x00000000f5580000)
 Metaspace       used 63938K, committed 65024K, reserved 1114112K
  class space    used 6042K, committed 6528K, reserved 1048576K
}
Event: 577.893 GC heap after
{Heap after GC invocations=532 (full 366):
 PSYoungGen      total 41984K, used 30719K [0x00000000f5580000, 0x00000000f8a80000, 0x0000000100000000)
  eden space 30720K, 99% used [0x00000000f5580000,0x00000000f737fff0,0x00000000f7380000)
  from space 11264K, 0% used [0x00000000f7380000,0x00000000f7380000,0x00000000f7e80000)
  to   space 8704K, 0% used [0x00000000f8200000,0x00000000f8200000,0x00000000f8a80000)
 ParOldGen       total 349696K, used 349692K [0x00000000e0000000, 0x00000000f5580000, 0x00000000f5580000)
  object space 349696K, 99% used [0x00000000e0000000,0x00000000f557f268,0x00000000f5580000)
 Metaspace       used 63938K, committed 65024K, reserved 1114112K
  class space    used 6042K, committed 6528K, reserved 1048576K
}
Event: 577.894 GC heap before
{Heap before GC invocations=533 (full 367):
 PSYoungGen      total 41984K, used 30719K [0x00000000f5580000, 0x00000000f8a80000, 0x0000000100000000)
  eden space 30720K, 99% used [0x00000000f5580000,0x00000000f737fff0,0x00000000f7380000)
  from space 11264K, 0% used [0x00000000f7380000,0x00000000f7380000,0x00000000f7e80000)
  to   space 8704K, 0% used [0x00000000f8200000,0x00000000f8200000,0x00000000f8a80000)
 ParOldGen       total 349696K, used 349695K [0x00000000e0000000, 0x00000000f5580000, 0x00000000f5580000)
  object space 349696K, 99% used [0x00000000e0000000,0x00000000f557fd48,0x00000000f5580000)
 Metaspace       used 63938K, committed 65024K, reserved 1114112K
  class space    used 6042K, committed 6528K, reserved 1048576K
}
Event: 579.230 GC heap after
{Heap after GC invocations=533 (full 367):
 PSYoungGen      total 39424K, used 30719K [0x00000000f5580000, 0x00000000f8a80000, 0x0000000100000000)
  eden space 30720K, 99% used [0x00000000f5580000,0x00000000f737ffd8,0x00000000f7380000)
  from space 8704K, 0% used [0x00000000f8200000,0x00000000f8200000,0x00000000f8a80000)
  to   space 11264K, 0% used [0x00000000f7380000,0x00000000f7380000,0x00000000f7e80000)
 ParOldGen       total 349696K, used 349694K [0x00000000e0000000, 0x00000000f5580000, 0x00000000f5580000)
  object space 349696K, 99% used [0x00000000e0000000,0x00000000f557fb88,0x00000000f5580000)
 Metaspace       used 63938K, committed 65024K, reserved 1114112K
  class space    used 6042K, committed 6528K, reserved 1048576K
}
Event: 579.231 GC heap before
{Heap before GC invocations=534 (full 368):
 PSYoungGen      total 39424K, used 30719K [0x00000000f5580000, 0x00000000f8a80000, 0x0000000100000000)
  eden space 30720K, 99% used [0x00000000f5580000,0x00000000f737fff8,0x00000000f7380000)
  from space 8704K, 0% used [0x00000000f8200000,0x00000000f8200000,0x00000000f8a80000)
  to   space 11264K, 0% used [0x00000000f7380000,0x00000000f7380000,0x00000000f7e80000)
 ParOldGen       total 349696K, used 349694K [0x00000000e0000000, 0x00000000f5580000, 0x00000000f5580000)
  object space 349696K, 99% used [0x00000000e0000000,0x00000000f557fb88,0x00000000f5580000)
 Metaspace       used 63938K, committed 65024K, reserved 1114112K
  class space    used 6042K, committed 6528K, reserved 1048576K
}
Event: 580.539 GC heap after
{Heap after GC invocations=534 (full 368):
 PSYoungGen      total 41984K, used 30719K [0x00000000f5580000, 0x00000000f8a80000, 0x0000000100000000)
  eden space 30720K, 99% used [0x00000000f5580000,0x00000000f737fff8,0x00000000f7380000)
  from space 11264K, 0% used [0x00000000f7380000,0x00000000f7380000,0x00000000f7e80000)
  to   space 8704K, 0% used [0x00000000f8200000,0x00000000f8200000,0x00000000f8a80000)
 ParOldGen       total 349696K, used 349694K [0x00000000e0000000, 0x00000000f5580000, 0x00000000f5580000)
  object space 349696K, 99% used [0x00000000e0000000,0x00000000f557fb88,0x00000000f5580000)
 Metaspace       used 63938K, committed 65024K, reserved 1114112K
  class space    used 6042K, committed 6528K, reserved 1048576K
}
Event: 580.540 GC heap before
{Heap before GC invocations=535 (full 369):
 PSYoungGen      total 41984K, used 30719K [0x00000000f5580000, 0x00000000f8a80000, 0x0000000100000000)
  eden space 30720K, 99% used [0x00000000f5580000,0x00000000f737fff8,0x00000000f7380000)
  from space 11264K, 0% used [0x00000000f7380000,0x00000000f7380000,0x00000000f7e80000)
  to   space 8704K, 0% used [0x00000000f8200000,0x00000000f8200000,0x00000000f8a80000)
 ParOldGen       total 349696K, used 349695K [0x00000000e0000000, 0x00000000f5580000, 0x00000000f5580000)
  object space 349696K, 99% used [0x00000000e0000000,0x00000000f557ffe8,0x00000000f5580000)
 Metaspace       used 63938K, committed 65024K, reserved 1114112K
  class space    used 6042K, committed 6528K, reserved 1048576K
}
Event: 581.891 GC heap after
{Heap after GC invocations=535 (full 369):
 PSYoungGen      total 39424K, used 30719K [0x00000000f5580000, 0x00000000f8a80000, 0x0000000100000000)
  eden space 30720K, 99% used [0x00000000f5580000,0x00000000f737ffe0,0x00000000f7380000)
  from space 8704K, 0% used [0x00000000f8200000,0x00000000f8200000,0x00000000f8a80000)
  to   space 11264K, 0% used [0x00000000f7380000,0x00000000f7380000,0x00000000f7e80000)
 ParOldGen       total 349696K, used 349695K [0x00000000e0000000, 0x00000000f5580000, 0x00000000f5580000)
  object space 349696K, 99% used [0x00000000e0000000,0x00000000f557fe20,0x00000000f5580000)
 Metaspace       used 63938K, committed 65024K, reserved 1114112K
  class space    used 6042K, committed 6528K, reserved 1048576K
}
Event: 581.891 GC heap before
{Heap before GC invocations=536 (full 370):
 PSYoungGen      total 39424K, used 30719K [0x00000000f5580000, 0x00000000f8a80000, 0x0000000100000000)
  eden space 30720K, 99% used [0x00000000f5580000,0x00000000f737ffe0,0x00000000f7380000)
  from space 8704K, 0% used [0x00000000f8200000,0x00000000f8200000,0x00000000f8a80000)
  to   space 11264K, 0% used [0x00000000f7380000,0x00000000f7380000,0x00000000f7e80000)
 ParOldGen       total 349696K, used 349695K [0x00000000e0000000, 0x00000000f5580000, 0x00000000f5580000)
  object space 349696K, 99% used [0x00000000e0000000,0x00000000f557fe20,0x00000000f5580000)
 Metaspace       used 63938K, committed 65024K, reserved 1114112K
  class space    used 6042K, committed 6528K, reserved 1048576K
}
Event: 583.225 GC heap after
{Heap after GC invocations=536 (full 370):
 PSYoungGen      total 41984K, used 30719K [0x00000000f5580000, 0x00000000f8a80000, 0x0000000100000000)
  eden space 30720K, 99% used [0x00000000f5580000,0x00000000f737ffe0,0x00000000f7380000)
  from space 11264K, 0% used [0x00000000f7380000,0x00000000f7380000,0x00000000f7e80000)
  to   space 8704K, 0% used [0x00000000f8200000,0x00000000f8200000,0x00000000f8a80000)
 ParOldGen       total 349696K, used 349695K [0x00000000e0000000, 0x00000000f5580000, 0x00000000f5580000)
  object space 349696K, 99% used [0x00000000e0000000,0x00000000f557fe20,0x00000000f5580000)
 Metaspace       used 63938K, committed 65024K, reserved 1114112K
  class space    used 6042K, committed 6528K, reserved 1048576K
}

